2024-11-01 18:12:39,902 [INFO] Activator:176 - 


2024-11-01 18:12:39,904 [INFO] Activator:177 - !SESSION log4j initialized
2024-11-01 18:12:42,813 [INFO] LogOutputStream:77 - [STDOUT_REDIRECT] 
2024-11-01 18:12:55,248 [INFO] ApplicationProperties:184 - Using Application install path: C:\ST\STM32CubeIDE_1.15.1\STM32CubeIDE\plugins\com.st.stm32cube.common.mx_6.11.1.202404110753
2024-11-01 18:12:55,264 [INFO] DbMcusXml:78 - Set database path to: C:\ST\STM32CubeIDE_1.15.1\STM32CubeIDE\plugins\com.st.stm32cube.common.mx_6.11.1.202404110753\\db\/mcu/
2024-11-01 18:12:55,265 [INFO] ApiDb:274 - Set plugin database path to: C:\ST\STM32CubeIDE_1.15.1\STM32CubeIDE\plugins\com.st.stm32cube.common.mx_6.11.1.202404110753\\db\/plugins/boardmanager/
2024-11-01 18:12:55,265 [WARN] ApiDb:259 - Overriding images path with different value:  => C:\ST\STM32CubeIDE_1.15.1\STM32CubeIDE\plugins\com.st.stm32cube.common.mx_6.11.1.202404110753\\db\/plugins/mcufinder/images/
2024-11-01 18:12:55,271 [INFO] ApiDb:250 - Set database path to: C:\Users\Habib\.stmcufinder\plugins\mcufinder//mcu/
2024-11-01 18:12:55,272 [INFO] DbMcusAds:125 - Set database path to: C:\Users\Habib\.stmcufinder\plugins\mcufinder//mcu/
2024-11-01 18:12:55,353 [INFO] CrossReferenceDbSqlite:203 - Set database path to: C:\Users\Habib\.stmcufinder\plugins\mcufinder//mcu/cs/
2024-11-01 18:12:55,452 [INFO] RulesReader:64 - Compatibility file has been processed (297 Rules)
2024-11-01 18:12:55,533 [INFO] DbMcusXml:78 - Set database path to: C:\ST\STM32CubeIDE_1.15.1\STM32CubeIDE\plugins\com.st.stm32cube.common.mx_6.11.1.202404110753\\db\/mcu/
2024-11-01 18:12:55,533 [INFO] ApiDb:274 - Set plugin database path to: C:\ST\STM32CubeIDE_1.15.1\STM32CubeIDE\plugins\com.st.stm32cube.common.mx_6.11.1.202404110753\\db\/plugins/boardmanager/
2024-11-01 18:12:55,533 [INFO] ApiDb:261 - Set plugin images path to: C:\ST\STM32CubeIDE_1.15.1\STM32CubeIDE\plugins\com.st.stm32cube.common.mx_6.11.1.202404110753\\db\/plugins/mcufinder/images/
2024-11-01 18:12:55,533 [WARN] DbFile:41 - Overriding database path with different value: C:\Users\Habib\.stmcufinder\plugins\mcufinder/ => C:\Users\Habib\.stmcufinder\plugins\mcufinder
2024-11-01 18:12:55,533 [INFO] ApiDb:250 - Set database path to: C:\Users\Habib\.stmcufinder\plugins\mcufinder//mcu/
2024-11-01 18:12:55,534 [WARN] DbFile:41 - Overriding database path with different value: C:\Users\Habib\.stmcufinder\plugins\mcufinder/ => C:\Users\Habib\.stmcufinder\plugins\mcufinder
2024-11-01 18:12:55,534 [INFO] DbMcusAds:125 - Set database path to: C:\Users\Habib\.stmcufinder\plugins\mcufinder//mcu/
2024-11-01 18:12:55,534 [WARN] DbFile:41 - Overriding database path with different value: C:\Users\Habib\.stmcufinder\plugins\mcufinder/ => C:\Users\Habib\.stmcufinder\plugins\mcufinder
2024-11-01 18:12:55,534 [WARN] DbFile:41 - Overriding database path with different value: C:\Users\Habib\.stmcufinder\plugins\mcufinder/ => C:\Users\Habib\.stmcufinder\plugins\mcufinder
2024-11-01 18:12:55,534 [INFO] CrossReferenceDbSqlite:203 - Set database path to: C:\Users\Habib\.stmcufinder\plugins\mcufinder//mcu/cs/
2024-11-01 18:12:55,624 [INFO] MainPanel:264 - HeapMemory: 268435456
2024-11-01 18:12:55,734 [INFO] DbMcusXml:78 - Set database path to: C:\ST\STM32CubeIDE_1.15.1\STM32CubeIDE\plugins\com.st.stm32cube.common.mx_6.11.1.202404110753\\db\/mcu/
2024-11-01 18:12:55,735 [INFO] ApiDb:274 - Set plugin database path to: C:\ST\STM32CubeIDE_1.15.1\STM32CubeIDE\plugins\com.st.stm32cube.common.mx_6.11.1.202404110753\\db\/plugins/boardmanager/
2024-11-01 18:12:55,735 [INFO] ApiDb:261 - Set plugin images path to: C:\ST\STM32CubeIDE_1.15.1\STM32CubeIDE\plugins\com.st.stm32cube.common.mx_6.11.1.202404110753\\db\/plugins/mcufinder/images/
2024-11-01 18:12:55,735 [WARN] DbFile:41 - Overriding database path with different value: C:\Users\Habib\.stmcufinder\plugins\mcufinder/ => C:\Users\Habib\.stmcufinder\plugins\mcufinder
2024-11-01 18:12:55,735 [INFO] ApiDb:250 - Set database path to: C:\Users\Habib\.stmcufinder\plugins\mcufinder//mcu/
2024-11-01 18:12:55,735 [WARN] DbFile:41 - Overriding database path with different value: C:\Users\Habib\.stmcufinder\plugins\mcufinder/ => C:\Users\Habib\.stmcufinder\plugins\mcufinder
2024-11-01 18:12:55,735 [INFO] DbMcusAds:125 - Set database path to: C:\Users\Habib\.stmcufinder\plugins\mcufinder//mcu/
2024-11-01 18:12:55,735 [WARN] DbFile:41 - Overriding database path with different value: C:\Users\Habib\.stmcufinder\plugins\mcufinder/ => C:\Users\Habib\.stmcufinder\plugins\mcufinder
2024-11-01 18:12:55,735 [WARN] DbFile:41 - Overriding database path with different value: C:\Users\Habib\.stmcufinder\plugins\mcufinder/ => C:\Users\Habib\.stmcufinder\plugins\mcufinder
2024-11-01 18:12:55,735 [INFO] CrossReferenceDbSqlite:203 - Set database path to: C:\Users\Habib\.stmcufinder\plugins\mcufinder//mcu/cs/
2024-11-01 18:12:55,754 [INFO] ApplicationProperties:184 - Using Application install path: C:\ST\STM32CubeIDE_1.15.1\STM32CubeIDE\plugins\com.st.stm32cube.common.mx_6.11.1.202404110753
2024-11-01 18:12:55,756 [INFO] PluginManage:196 - Search for loadable plugins [exclusion list=, ]
2024-11-01 18:12:55,757 [INFO] PluginManage:310 - Check plugin analytics
2024-11-01 18:12:55,881 [INFO] AnalyticsPlugin:253 - Accepted Software Licenses: STM32CubeMX.6.11.1,STM32CubeMX.6.4.0,STM32CubeMX.6.12.1
2024-11-01 18:12:55,881 [INFO] AnalyticsPlugin:255 - Accepted CMSIS Pack Licenses: 
2024-11-01 18:12:55,881 [INFO] AnalyticsPlugin:257 - Accepted Firmware Licenses: FW.F4.1.28.0,FW.G4.1.5.0
2024-11-01 18:12:55,882 [INFO] PluginManage:359 - Loaded plugin analytics (category:tool,tabindex:-1)
2024-11-01 18:12:55,883 [INFO] PluginManage:310 - Check plugin cadmodel
2024-11-01 18:12:55,888 [INFO] CADModel:105 - Init CAD model plugin
2024-11-01 18:12:55,888 [INFO] PluginManage:359 - Loaded plugin cadmodel (category:power,tabindex:5)
2024-11-01 18:12:55,888 [INFO] PluginManage:310 - Check plugin clock
2024-11-01 18:12:55,898 [INFO] PluginManage:359 - Loaded plugin clock (category:base,tabindex:2)
2024-11-01 18:12:55,898 [INFO] PluginManage:310 - Check plugin ddr
2024-11-01 18:12:55,900 [INFO] PluginManage:359 - Loaded plugin ddr (category:tool,tabindex:6)
2024-11-01 18:12:55,900 [INFO] PluginManage:310 - Check plugin filemanager
2024-11-01 18:12:56,012 [INFO] PluginManage:359 - Loaded plugin filemanager (category:base,tabindex:10)
2024-11-01 18:12:56,012 [INFO] PluginManage:310 - Check plugin ipmanager
2024-11-01 18:12:56,037 [INFO] PluginManage:359 - Loaded plugin ipmanager (category:base,tabindex:5)
2024-11-01 18:12:56,037 [INFO] PluginManage:310 - Check plugin lpbam
2024-11-01 18:12:56,047 [INFO] PluginManage:359 - Loaded plugin lpbam (category:base,tabindex:0)
2024-11-01 18:12:56,047 [INFO] PluginManage:310 - Check plugin memorymap
2024-11-01 18:12:56,060 [INFO] PluginManage:359 - Loaded plugin memorymap (category:base,tabindex:4)
2024-11-01 18:12:56,060 [INFO] PluginManage:310 - Check plugin pinoutandconfiguration
2024-11-01 18:12:56,075 [INFO] PluginManage:359 - Loaded plugin pinoutandconfiguration (category:base,tabindex:1)
2024-11-01 18:12:56,075 [INFO] PluginManage:310 - Check plugin pinoutconfig
2024-11-01 18:12:56,150 [WARN] SupportedApi:132 - Cannot load RTOS API schema: s4s-elt-must-match.1: The content of 'definitions' must match (annotation?, (simpleType | complexType)?, (unique | key | keyref)*)). A problem was found starting at: attribute.
2024-11-01 18:12:56,268 [INFO] PluginManage:359 - Loaded plugin pinoutconfig (category:base,tabindex:0)
2024-11-01 18:12:56,268 [INFO] PluginManage:310 - Check plugin power
2024-11-01 18:12:56,279 [INFO] PluginManage:359 - Loaded plugin power (category:power,tabindex:4)
2024-11-01 18:12:56,280 [INFO] PluginManage:310 - Check plugin projectmanager
2024-11-01 18:12:56,297 [INFO] PluginManage:359 - Loaded plugin projectmanager (category:projectmanager,tabindex:3)
2024-11-01 18:12:56,297 [INFO] PluginManage:310 - Check plugin thirdparty
2024-11-01 18:12:56,428 [INFO] PluginManage:359 - Loaded plugin thirdparty (category:base,tabindex:-1)
2024-11-01 18:12:56,428 [WARN] IntegrityCheckThread:84 - waiting for thirdparty lock release [integrity check]
2024-11-01 18:12:56,428 [INFO] PluginManage:310 - Check plugin tools
2024-11-01 18:12:56,428 [INFO] IntegrityCheckThread:86 - entering critical section [integrity check]
2024-11-01 18:12:56,429 [INFO] ThirdPartyUpdaterWithRetryManager:70 - Updater plugin not ready yet. [1/15]
2024-11-01 18:12:56,431 [INFO] PluginManage:359 - Loaded plugin tools (category:base,tabindex:7)
2024-11-01 18:12:56,432 [INFO] PluginManage:310 - Check plugin tutovideos
2024-11-01 18:12:56,587 [INFO] PluginManage:359 - Loaded plugin tutovideos (category:base,tabindex:-1)
2024-11-01 18:12:56,587 [INFO] PluginManage:310 - Check plugin updater
2024-11-01 18:12:56,598 [INFO] PluginManage:359 - Loaded plugin updater (category:base,tabindex:12)
2024-11-01 18:12:56,598 [INFO] PluginManage:310 - Check plugin userauth
2024-11-01 18:12:56,604 [INFO] UserAuth:114 - Init User Auth plugin
2024-11-01 18:12:56,604 [INFO] PluginManage:359 - Loaded plugin userauth (category:base,tabindex:14)
2024-11-01 18:12:56,604 [INFO] PluginManage:283 - PluginManage : Loaded plugins [17]
2024-11-01 18:12:56,855 [INFO] PinOutPanel:1561 - setPackage(No Configuration,No Configuration)
2024-11-01 18:12:56,924 [INFO] CADModel:165 - CPN selected for project level
2024-11-01 18:12:56,925 [INFO] CADModel:114 - Register for checkConnection events
2024-11-01 18:12:56,945 [INFO] IPUIPlugin:80 - create IPUIPlugin
2024-11-01 18:12:56,945 [INFO] PluginManager:220 - loadIPPluginJar : add adc
2024-11-01 18:12:56,949 [INFO] IPUIPlugin:80 - create IPUIPlugin
2024-11-01 18:12:56,949 [INFO] PluginManager:220 - loadIPPluginJar : add aes
2024-11-01 18:12:56,952 [INFO] IPUIPlugin:80 - create IPUIPlugin
2024-11-01 18:12:56,952 [INFO] PluginManager:220 - loadIPPluginJar : add can
2024-11-01 18:12:56,954 [INFO] IPUIPlugin:80 - create IPUIPlugin
2024-11-01 18:12:56,954 [INFO] PluginManager:220 - loadIPPluginJar : add comp
2024-11-01 18:12:56,956 [INFO] IPUIPlugin:80 - create IPUIPlugin
2024-11-01 18:12:56,957 [INFO] PluginManager:220 - loadIPPluginJar : add cryp
2024-11-01 18:12:56,959 [INFO] IPUIPlugin:80 - create IPUIPlugin
2024-11-01 18:12:56,960 [INFO] PluginManager:220 - loadIPPluginJar : add dfsdm
2024-11-01 18:12:56,967 [INFO] IPUIPlugin:80 - create IPUIPlugin
2024-11-01 18:12:56,967 [INFO] PluginManager:220 - loadIPPluginJar : add dma
2024-11-01 18:12:56,971 [INFO] IPUIPlugin:80 - create IPUIPlugin
2024-11-01 18:12:56,971 [INFO] PluginManager:220 - loadIPPluginJar : add dma3
2024-11-01 18:12:56,974 [INFO] IPUIPlugin:80 - create IPUIPlugin
2024-11-01 18:12:56,974 [INFO] PluginManager:220 - loadIPPluginJar : add extmemmanager
2024-11-01 18:12:56,976 [INFO] IPUIPlugin:80 - create IPUIPlugin
2024-11-01 18:12:56,976 [INFO] PluginManager:220 - loadIPPluginJar : add fatfs
2024-11-01 18:12:56,980 [INFO] IPUIPlugin:80 - create IPUIPlugin
2024-11-01 18:12:56,981 [INFO] PluginManager:220 - loadIPPluginJar : add fmc
2024-11-01 18:12:56,985 [INFO] IPUIPlugin:80 - create IPUIPlugin
2024-11-01 18:12:56,985 [INFO] PluginManager:220 - loadIPPluginJar : add freertos
2024-11-01 18:12:56,987 [INFO] IPUIPlugin:80 - create IPUIPlugin
2024-11-01 18:12:56,987 [INFO] PluginManager:220 - loadIPPluginJar : add genericplugin
2024-11-01 18:12:56,991 [INFO] IPUIPlugin:80 - create IPUIPlugin
2024-11-01 18:12:56,991 [INFO] PluginManager:220 - loadIPPluginJar : add gfxmmu
2024-11-01 18:12:56,997 [INFO] IPUIPlugin:80 - create IPUIPlugin
2024-11-01 18:12:56,997 [INFO] PluginManager:220 - loadIPPluginJar : add gic
2024-11-01 18:12:57,001 [INFO] IPUIPlugin:80 - create IPUIPlugin
2024-11-01 18:12:57,001 [INFO] PluginManager:220 - loadIPPluginJar : add gpio
2024-11-01 18:12:57,004 [INFO] IPUIPlugin:80 - create IPUIPlugin
2024-11-01 18:12:57,004 [INFO] PluginManager:220 - loadIPPluginJar : add gtzc
2024-11-01 18:12:57,006 [INFO] IPUIPlugin:80 - create IPUIPlugin
2024-11-01 18:12:57,006 [INFO] PluginManager:220 - loadIPPluginJar : add hash
2024-11-01 18:12:57,008 [INFO] IPUIPlugin:80 - create IPUIPlugin
2024-11-01 18:12:57,008 [INFO] PluginManager:220 - loadIPPluginJar : add i2c
2024-11-01 18:12:57,010 [INFO] IPUIPlugin:80 - create IPUIPlugin
2024-11-01 18:12:57,011 [INFO] PluginManager:220 - loadIPPluginJar : add i2s
2024-11-01 18:12:57,013 [INFO] IPUIPlugin:80 - create IPUIPlugin
2024-11-01 18:12:57,013 [INFO] PluginManager:220 - loadIPPluginJar : add i3c
2024-11-01 18:12:57,016 [INFO] IPUIPlugin:80 - create IPUIPlugin
2024-11-01 18:12:57,016 [INFO] PluginManager:220 - loadIPPluginJar : add ipddr
2024-11-01 18:12:57,023 [INFO] IPUIPlugin:80 - create IPUIPlugin
2024-11-01 18:12:57,023 [INFO] PluginManager:220 - loadIPPluginJar : add linkedlist
2024-11-01 18:12:57,026 [INFO] IPUIPlugin:80 - create IPUIPlugin
2024-11-01 18:12:57,026 [INFO] PluginManager:220 - loadIPPluginJar : add lorawan
2024-11-01 18:12:57,028 [INFO] IPUIPlugin:80 - create IPUIPlugin
2024-11-01 18:12:57,028 [INFO] PluginManager:220 - loadIPPluginJar : add ltdc
2024-11-01 18:12:57,033 [INFO] IPUIPlugin:80 - create IPUIPlugin
2024-11-01 18:12:57,033 [INFO] PluginManager:220 - loadIPPluginJar : add mdma
2024-11-01 18:12:57,038 [INFO] IPUIPlugin:80 - create IPUIPlugin
2024-11-01 18:12:57,038 [INFO] PluginManager:220 - loadIPPluginJar : add nvic
2024-11-01 18:12:57,041 [INFO] IPUIPlugin:80 - create IPUIPlugin
2024-11-01 18:12:57,041 [INFO] PluginManager:220 - loadIPPluginJar : add opamp
2024-11-01 18:12:57,044 [INFO] IPUIPlugin:80 - create IPUIPlugin
2024-11-01 18:12:57,044 [INFO] PluginManager:220 - loadIPPluginJar : add openamp
2024-11-01 18:12:57,047 [INFO] IPUIPlugin:80 - create IPUIPlugin
2024-11-01 18:12:57,047 [INFO] PluginManager:220 - loadIPPluginJar : add pdm2pcm
2024-11-01 18:12:57,051 [INFO] IPUIPlugin:80 - create IPUIPlugin
2024-11-01 18:12:57,053 [INFO] PluginManager:220 - loadIPPluginJar : add plateformsettings
2024-11-01 18:12:57,055 [INFO] IPUIPlugin:80 - create IPUIPlugin
2024-11-01 18:12:57,055 [INFO] PluginManager:220 - loadIPPluginJar : add quadspi
2024-11-01 18:12:57,060 [INFO] IPUIPlugin:80 - create IPUIPlugin
2024-11-01 18:12:57,060 [INFO] PluginManager:220 - loadIPPluginJar : add resmgrutility
2024-11-01 18:12:57,063 [INFO] IPUIPlugin:80 - create IPUIPlugin
2024-11-01 18:12:57,064 [INFO] PluginManager:220 - loadIPPluginJar : add sai
2024-11-01 18:12:57,066 [INFO] IPUIPlugin:80 - create IPUIPlugin
2024-11-01 18:12:57,066 [INFO] PluginManager:220 - loadIPPluginJar : add spi
2024-11-01 18:12:57,071 [INFO] IPUIPlugin:80 - create IPUIPlugin
2024-11-01 18:12:57,071 [INFO] PluginManager:220 - loadIPPluginJar : add stm32_wpan
2024-11-01 18:12:57,073 [INFO] IPUIPlugin:80 - create IPUIPlugin
2024-11-01 18:12:57,073 [INFO] PluginManager:220 - loadIPPluginJar : add tim
2024-11-01 18:12:57,075 [INFO] IPUIPlugin:80 - create IPUIPlugin
2024-11-01 18:12:57,075 [INFO] PluginManager:220 - loadIPPluginJar : add touchsensing
2024-11-01 18:12:57,077 [INFO] IPUIPlugin:80 - create IPUIPlugin
2024-11-01 18:12:57,077 [INFO] PluginManager:220 - loadIPPluginJar : add tracer_emb
2024-11-01 18:12:57,079 [INFO] IPUIPlugin:80 - create IPUIPlugin
2024-11-01 18:12:57,079 [INFO] PluginManager:220 - loadIPPluginJar : add ts
2024-11-01 18:12:57,080 [INFO] IPUIPlugin:80 - create IPUIPlugin
2024-11-01 18:12:57,080 [INFO] PluginManager:220 - loadIPPluginJar : add tsc
2024-11-01 18:12:57,082 [INFO] IPUIPlugin:80 - create IPUIPlugin
2024-11-01 18:12:57,082 [INFO] PluginManager:220 - loadIPPluginJar : add ucpd
2024-11-01 18:12:57,085 [INFO] IPUIPlugin:80 - create IPUIPlugin
2024-11-01 18:12:57,085 [INFO] PluginManager:220 - loadIPPluginJar : add usart
2024-11-01 18:12:57,088 [INFO] IPUIPlugin:80 - create IPUIPlugin
2024-11-01 18:12:57,088 [INFO] PluginManager:220 - loadIPPluginJar : add usbx
2024-11-01 18:12:57,198 [INFO] CADModel:165 - CPN selected for project level
2024-11-01 18:12:57,198 [INFO] CADModel:114 - Register for checkConnection events
2024-11-01 18:12:57,198 [FATAL] Updater:308 - Updater called before beeing initialized
2024-11-01 18:12:57,198 [ERROR] CADModel:125 - Updater not yet initialized, retry later 
2024-11-01 18:12:57,320 [INFO] CADModel:165 - CPN selected for project level
2024-11-01 18:12:57,320 [INFO] CADModel:114 - Register for checkConnection events
2024-11-01 18:12:57,320 [FATAL] Updater:308 - Updater called before beeing initialized
2024-11-01 18:12:57,320 [ERROR] CADModel:125 - Updater not yet initialized, retry later 
2024-11-01 18:12:57,324 [FATAL] Updater:308 - Updater called before beeing initialized
2024-11-01 18:12:57,399 [FATAL] Updater:308 - Updater called before beeing initialized
2024-11-01 18:12:57,402 [INFO] DbMcusAds:53 - JSON generation date=Fri Sep 20 16:04:38 EEST 2024 (1726837478367)
2024-11-01 18:12:57,402 [FATAL] Updater:308 - Updater called before beeing initialized
2024-11-01 18:12:57,434 [WARN] DetailPanel:346 - Failed to get advertising image, set to default
2024-11-01 18:12:57,508 [FATAL] Updater:308 - Updater called before beeing initialized
2024-11-01 18:12:57,510 [FATAL] Updater:308 - Updater called before beeing initialized
2024-11-01 18:12:57,510 [FATAL] Updater:308 - Updater called before beeing initialized
2024-11-01 18:12:57,510 [WARN] DetailPanel:346 - Failed to get advertising image, set to default
2024-11-01 18:12:57,511 [FATAL] Updater:308 - Updater called before beeing initialized
2024-11-01 18:12:57,551 [ERROR] Updater:1120 - MainUpdater not yet initialized. External WinMGr cannot be set.
2024-11-01 18:12:57,553 [INFO] Updater:1056 - Updater Version found : 6.11.1
2024-11-01 18:12:57,573 [INFO] ApplicationProperties:184 - Using Application install path: C:\ST\STM32CubeIDE_1.15.1\STM32CubeIDE\plugins\com.st.stm32cube.common.mx_6.11.1.202404110753
2024-11-01 18:12:58,745 [INFO] MainUpdater:2873 - connection check result : 10
2024-11-01 18:12:58,746 [INFO] MainUpdater:290 - Updater Check For Update Now.
2024-11-01 18:12:58,746 [INFO] MicroXplorer:498 - Change Database Version : DB.6.0.111
2024-11-01 18:12:58,750 [INFO] McuFinderGlobals:63 - Set McuFinder mode to 2 (CubeIDE integrated)
2024-11-01 18:12:58,751 [INFO] UserAuth:179 - activating auth plugin
2024-11-01 18:12:58,753 [INFO] UserAuth:415 - Internet connection configuration mode: 1
2024-11-01 18:12:58,770 [INFO] JxBrowserEngine:152 - Initiate JxBrowser Engine with user profile folder
2024-11-01 18:12:58,913 [INFO] CheckServerUpdateThread:120 - End of CheckServer Thread
2024-11-01 18:13:00,022 [INFO] WebApp:161 - Instantiating new browser for Auth
2024-11-01 18:13:00,122 [WARN] PackLoader:240 - Cannot read IP mode file for STMicroelectronics.FP-SNS-MOTENVWB1.1.4.0
2024-11-01 18:13:00,142 [WARN] PackLoader:240 - Cannot read IP mode file for STMicroelectronics.X-CUBE-SMBUS.2.1.0
2024-11-01 18:13:00,192 [WARN] PackLoader:240 - Cannot read IP mode file for STMicroelectronics.X-CUBE-WB05N.1.1.0
2024-11-01 18:13:00,201 [WARN] PackLoader:240 - Cannot read IP mode file for STMicroelectronics.X-CUBE-TOUCHGFX.4.23.2
2024-11-01 18:13:00,258 [WARN] PackLoader:240 - Cannot read IP mode file for STMicroelectronics.X-CUBE-AZRTOS-F7.1.1.0
2024-11-01 18:13:00,417 [WARN] PackLoader:240 - Cannot read IP mode file for STMicroelectronics.X-CUBE-MEMS1.11.0.0
2024-11-01 18:13:00,796 [ERROR] LogOutputStream:75 - [STDERR_REDIRECT] 
